This is pdfTeX, Version 3.14159-1.10b (Web2C 7.4.5) (format=pdflatex 2003.10.26)  12 NOV 2003 17:07
**latexIntro.tex
(./latexIntro.tex{/usr/share/texmf/pdftex/config/pdftex.cfg}
LaTeX2e <2001/06/01>
Babel <v3.7h> and hyphenation patterns for american, norsk, norsk, nohyphenatio
n, loaded.
(/usr/share/texmf/tex/latex/powersem/powersem.cls
Document Class: powersem 2003/05/06 v0.8 Create online Presentations with semin
ar.
(/usr/share/texmf/tex/latex/base/ifthen.sty
Package: ifthen 2001/05/26 v1.1c Standard LaTeX ifthen package (DPC)
)
(/usr/share/texmf/tex/latex/seminar/seminar.cls
Document Class: seminar 1997/10/13, 1.4
Document Style: `seminar' v1.4 <1997/10/13> (tvz)
\slidewidth=\dimen102
\slideheight=\dimen103
\footheight=\dimen104
(/usr/share/texmf/tex/latex/koma-script/scrartcl.cls
Document Class: scrartcl 2003/01/31 v2.9n LaTeX2e KOMA document class
(/usr/share/texmf/tex/latex/koma-script/scrlfile.sty
Package: scrlfile 2003/01/31 v2.9n LaTeX2e KOMA package

Package scrlfile, 2003/01/31 v2.9n LaTeX2e KOMA package
                  Copyright (C) Markus Kohm

) (/usr/share/texmf/tex/latex/base/size11.clo
File: size11.clo 2001/04/21 v1.4e Standard LaTeX file (size option)
)
(/usr/share/texmf/tex/latex/koma-script/typearea.sty
Package: typearea 2003/01/31 v2.9n LaTeX2e KOMA package

Package typearea, 2003/01/31 v2.9n LaTeX2e KOMA package
                  Copyright (C) Frank Neukam, 1992-1994
                  Copyright (C) Markus Kohm, 1994-2002

\ta@bcor=\skip41
\ta@div=\count79
\ta@hblk=\skip42
\ta@vblk=\skip43
\ta@temp=\skip44

Package typearea Warning: Bad DIV-value!
(typearea)                You should decrease DIV, increase fontsize or
(typearea)                change papersize.

Package typearea Info: These are the values describing the layout:
(typearea)             DIV  = 10
(typearea)             BCOR = 0.0pt
(typearea)             \paperwidth      = 845.04694pt
(typearea)              \textwidth      = 591.53288pt
(typearea)              DIV-departure   = -52/100
(typearea)              \evensidemargin = 54.48703pt
(typearea)              \oddsidemargin  = 54.48703pt
(typearea)             \paperheight     = 597.50793pt
(typearea)              \textheight     = 419.00018pt
(typearea)              \topmargin      = -49.9192pt
(typearea)              \headheight     = 17.0pt
(typearea)              \headsep        = 20.40001pt
(typearea)              \topskip        = 11.0pt
(typearea)              \footskip       = 47.60002pt
(typearea)              \baselineskip   = 13.6pt
(typearea)              on input line 625.
)
\c@part=\count80
\c@section=\count81
\c@subsection=\count82
\c@subsubsection=\count83
\c@paragraph=\count84
\c@subparagraph=\count85
\c@figure=\count86
\c@table=\count87
\abovecaptionskip=\skip45
\belowcaptionskip=\skip46
\c@pti@nb@sid@b@x=\box26
\bibindent=\dimen105
) (/usr/share/texmf/tex/latex/seminar/sem-page.sty)
\before@document=\toks14
\after@document=\toks15
\before@enddocument=\toks16
\c@slide=\count88
\slide@count=\count89
\@slidebox=\box27
\not@slidebox=\box28
\slide@hook=\toks17
\after@slide=\toks18
\slide@footins=\insert233
\slide@listdepth=\count90
\saved@specials=\box29
\before@newslide=\toks19
\after@slidepage=\toks20
\slidesep=\skip47
\c@note=\count91
\slideframewidth=\dimen106
\slideframesep=\dimen107
\semin=\dimen108
\semcm=\dimen109

(/usr/share/texmf/tex/latex/seminar/xcomment.sty
Style-Option: `xcomment' v1.2 <93/02/12> (tvz) 
\tokout=\write3
\tokin=\read1
)) (/usr/share/texmf/tex/latex/config/seminar.con))
(/usr/share/texmf/tex/generic/babel/babel.sty
Package: babel 2001/03/01 v3.7h The Babel package

(/usr/share/texmf/tex/generic/babel/norsk.ldf
Language: norsk 2001/01/12 v2.0h Norsk support from the babel system

(/usr/share/texmf/tex/generic/babel/babel.def
File: babel.def 2001/03/01 v3.7h Babel common definitions
\babel@savecnt=\count92
\U@D=\dimen110
)
Package babel Info: Making " an active character on input line 94.
))
(/usr/share/texmf/tex/latex/base/inputenc.sty
Package: inputenc 2001/07/10 v0.99a Input encoding file 

(/usr/share/texmf/tex/latex/base/latin1.def
File: latin1.def 2001/07/10 v0.99a Input encoding file 
))
(/usr/share/texmf/tex/latex/base/fontenc.sty
Package: fontenc 2001/06/05 v1.94 Standard LaTeX package

(/usr/share/texmf/tex/latex/base/t1enc.def
File: t1enc.def 2001/06/05 v1.94 Standard LaTeX file
LaTeX Font Info:    Redeclaring font encoding T1 on input line 38.
)) (./ifmslide.sty
Package: ifmslide 2000/07/06 v0.43 slides for printout AND screen (Thomas Emmel
)

(/usr/share/texmf/tex/latex/hyperref/hyperref.sty
Package: hyperref 2003/01/22 v6.73n Hypertext links for LaTeX

(/usr/share/texmf/tex/latex/graphics/keyval.sty
Package: keyval 1999/03/16 v1.13 key=value parser (DPC)
\KV@toks@=\toks21
)
\@linkdim=\dimen111
\Hy@linkcounter=\count93
\Hy@pagecounter=\count94

(/usr/share/texmf/tex/latex/hyperref/pd1enc.def
File: pd1enc.def 2003/01/22 v6.73n Hyperref: PDFDocEncoding definition (HO)
)
(/usr/share/texmf/tex/latex/config/hyperref.cfg
File: hyperref.cfg 2002/06/06 v1.2 hyperref configuration of TeXLive and teTeX
)
Package hyperref Info: Option `bookmarksopen' set `true' on input line 1744.
Package hyperref Info: Option `colorlinks' set `true' on input line 1744.
Package hyperref Info: Hyper figures OFF on input line 1792.
Package hyperref Info: Link nesting OFF on input line 1797.
Package hyperref Info: Hyper index ON on input line 1800.
Package hyperref Info: Plain pages ON on input line 1805.
Package hyperref Info: Backreferencing OFF on input line 1812.

Implicit mode ON; LaTeX internals redefined
Package hyperref Info: Bookmarks ON on input line 1916.
(/usr/share/texmf/tex/latex/misc/url.sty
\Urlmuskip=\muskip10
Package: url 1999/03/28  ver 1.5x  Verb mode for urls, etc.
)
LaTeX Info: Redefining \url on input line 2055.
\Fld@menulength=\count95
\Field@Width=\dimen112
\Fld@charsize=\dimen113
\Choice@toks=\toks22
\Field@toks=\toks23
Package hyperref Info: Hyper figures OFF on input line 2513.
Package hyperref Info: Link nesting OFF on input line 2518.
Package hyperref Info: Hyper index ON on input line 2521.
Package hyperref Info: backreferencing OFF on input line 2528.
Package hyperref Info: Link coloring ON on input line 2531.
\c@Item=\count96
\c@Hfootnote=\count97
)
*hyperref using default driver hpdftex*
(/usr/share/texmf/tex/latex/hyperref/hpdftex.def
File: hpdftex.def 2003/01/22 v6.73n Hyperref driver for pdfTeX

(/usr/share/texmf/tex/latex/psnfss/pifont.sty
Package: pifont 2002/09/08 PSNFSS-v9.0a Pi font support (SPQR) 
LaTeX Font Info:    Try loading font information for U+pzd on input line 62.

(/usr/share/texmf/tex/latex/psnfss/upzd.fd
File: upzd.fd 2001/06/04 font definitions for U/pzd.
)
LaTeX Font Info:    Try loading font information for U+psy on input line 63.

(/usr/share/texmf/tex/latex/psnfss/upsy.fd
File: upsy.fd 2001/06/04 font definitions for U/psy.
))
\Fld@listcount=\count98
\@outlinefile=\write4
)
(/usr/share/texmf/tex/latex/texpower/texpower.sty
Package: texpower 2003/05/15 v0.0.9d Create Dynamic Presentations with LaTeX.

(/usr/share/texmf/tex/latex/tools/calc.sty
Package: calc 1998/07/07 v4.1b Infix arithmetic (KKT,FJ)
\calc@Acount=\count99
\calc@Bcount=\count100
\calc@Adimen=\dimen114
\calc@Bdimen=\dimen115
\calc@Askip=\skip48
\calc@Bskip=\skip49
LaTeX Info: Redefining \setlength on input line 59.
LaTeX Info: Redefining \addtolength on input line 60.
\calc@denominator=\count101
)
Package texpower Info: Producing display version. Dynamic features activated. o
n input line 212.
 (/etc/texpower/tpoptions.cfg)
(/usr/share/texmf/tex/latex/oberdiek/ifpdf.sty
Package: ifpdf 2001/06/14 v1.0 Providing \ifpdf (HO)
Package ifpdf Info: pdfTeX in pdf mode detected on input line 140.
)
\c@tmpcnta@TP=\count102
\c@tmpcntb@TP=\count103
\tempdima@TP=\skip50
\tempdimb@TP=\skip51
\tempbox@TP=\box30
\pbox@TP=\box31
\c@stripe@TP=\count104
\c@stripes@TP=\count105
\c@gradprogression@TP=\count106
\c@dgradhslope@TP=\count107
\c@dgradvslope@TP=\count108
\bgndbox@TP=\box32
\mempageconts@TP=\box33
\memfootins@TP=\insert232
\memoutput@TP=\toks24
\c@totalsteps=\count109
\c@firststep=\count110
\c@step=\count111
\c@stepcommand=\count112
\c@stepsperformed=\count113
\highlightboxsep=\skip52
\c@substep=\count114
\c@o@fs@TP=\count115
\ep@TP=\toks25
 (/etc/texpower/tpsettings.cfg)) (/usr/share/texmf/tex/latex/fixseminar/fixsemi
nar.sty
Package: fixseminar 2002/11/22 v0.0.4 Fix some problems of seminar.

(/usr/share/texmf/tex/latex/graphics/graphics.sty
Package: graphics 2001/07/07 v1.0n Standard LaTeX Graphics (DPC,SPQR)

(/usr/share/texmf/tex/latex/graphics/trig.sty
Package: trig 1999/03/16 v1.09 sin cos tan (DPC)
)
(/usr/share/texmf/tex/latex/config/graphics.cfg
File: graphics.cfg 2001/08/31 v1.1 graphics configuration of teTeX/TeXLive
)
Package graphics Info: Driver file: pdftex.def on input line 80.

(/usr/share/texmf/tex/latex/graphics/pdftex.def
File: pdftex.def 2002/06/19 v0.03k graphics/color for pdftex
\Gread@gobject=\count116
)))
(/usr/share/texmf/tex/latex/graphics/color.sty
Package: color 1999/02/16 v1.0i Standard LaTeX Color (DPC)

(/usr/share/texmf/tex/latex/config/color.cfg
File: color.cfg 2001/08/31 v1.1 color configuration of teTeX/TeXLive
)
Package color Info: Driver file: pdftex.def on input line 125.
)
(/usr/share/texmf/tex/latex/graphics/graphicx.sty
Package: graphicx 1999/02/16 v1.0f Enhanced LaTeX Graphics (DPC,SPQR)
\Gin@req@height=\dimen116
\Gin@req@width=\dimen117
)
\sl@overallwidth=\skip53
\sl@overallheight=\skip54
\@spw=\skip55
\@sph=\skip56
\@sfw=\skip57
\@sfh=\skip58
\@slm=\skip59
\@srm=\skip60
\@stm=\skip61
\@sbm=\skip62
\@tempsla=\skip63
\@tempslb=\skip64
\@tempslc=\skip65
\@tempsld=\skip66
\@tempsle=\skip67
\@tempslx=\skip68
\pos@jobname@x=\count117
\pos@jobname@y=\count118
\num@spw=\count119
\num@sph=\count120
\button@shift@y=\count121
\button@y=\count122
\button@size@h=\count123
\button@size@v=\count124
\button@size@x=\dimen118
\button@size@y=\dimen119
\headskip=\dimen120

load ifmslide.cfg
(./ifmslide.cfg)) (/usr/share/texmf/tex/latex/tools/verbatim.sty
Package: verbatim 2001/03/12 v1.5p LaTeX2e package for verbatim enhancements
\every@verbatim=\toks26
\verbatim@line=\toks27
\verbatim@in@stream=\read2
)
(/usr/share/texmf/tex/latex/mdwtools/sverb.sty
Package: sverb 1996/05/08 1.3 Verbatim typesetting
\svtab=\dimen121
\listingindent=\dimen122
\sv@writefile=\write5
\sv@nestcount=\count125
)
(/usr/share/texmf/tex/latex/misc/pslatex.sty
Package: pslatex 1996/07/24 v1.2 pslatex emulation (DPC)
LaTeX Font Info:    Redeclaring symbol font `operators' on input line 65.
LaTeX Font Info:    Overwriting symbol font `operators' in version `normal'
(Font)                  OT1/cmr/m/n --> OT1/ptmcm/m/n on input line 65.
LaTeX Font Info:    Overwriting symbol font `operators' in version `bold'
(Font)                  OT1/cmr/bx/n --> OT1/ptmcm/m/n on input line 65.
LaTeX Font Info:    Redeclaring symbol font `letters' on input line 66.
LaTeX Font Info:    Overwriting symbol font `letters' in version `normal'
(Font)                  OML/cmm/m/it --> OML/ptmcm/m/it on input line 66.
LaTeX Font Info:    Overwriting symbol font `letters' in version `bold'
(Font)                  OML/cmm/b/it --> OML/ptmcm/m/it on input line 66.
LaTeX Font Info:    Redeclaring symbol font `symbols' on input line 67.
LaTeX Font Info:    Overwriting symbol font `symbols' in version `normal'
(Font)                  OMS/cmsy/m/n --> OMS/pzccm/m/n on input line 67.
LaTeX Font Info:    Overwriting symbol font `symbols' in version `bold'
(Font)                  OMS/cmsy/b/n --> OMS/pzccm/m/n on input line 67.
LaTeX Font Info:    Redeclaring symbol font `largesymbols' on input line 68.
LaTeX Font Info:    Overwriting symbol font `largesymbols' in version `normal'
(Font)                  OMX/cmex/m/n --> OMX/psycm/m/n on input line 68.
LaTeX Font Info:    Overwriting symbol font `largesymbols' in version `bold'
(Font)                  OMX/cmex/m/n --> OMX/psycm/m/n on input line 68.
\symbold=\mathgroup4
\symitalic=\mathgroup5
LaTeX Font Info:    Redeclaring math alphabet \mathbf on input line 74.
LaTeX Font Info:    Overwriting math alphabet `\mathbf' in version `normal'
(Font)                  OT1/cmr/bx/n --> OT1/ptm/bx/n on input line 74.
LaTeX Font Info:    Overwriting math alphabet `\mathbf' in version `bold'
(Font)                  OT1/cmr/bx/n --> OT1/ptm/bx/n on input line 74.
LaTeX Font Info:    Redeclaring math alphabet \mathit on input line 75.
LaTeX Font Info:    Overwriting math alphabet `\mathit' in version `normal'
(Font)                  OT1/cmr/m/it --> OT1/ptm/m/it on input line 75.
LaTeX Font Info:    Overwriting math alphabet `\mathit' in version `bold'
(Font)                  OT1/cmr/bx/it --> OT1/ptm/m/it on input line 75.
)
Package color Info: Redefining color url on input line 29.
 (./latexIntro.aux)
\openout1 = `latexIntro.aux'.

LaTeX Font Info:    Checking defaults for OML/cmm/m/it on input line 43.
LaTeX Font Info:    ... okay on input line 43.
LaTeX Font Info:    Checking defaults for T1/cmr/m/n on input line 43.
LaTeX Font Info:    ... okay on input line 43.
LaTeX Font Info:    Checking defaults for OT1/cmr/m/n on input line 43.
LaTeX Font Info:    ... okay on input line 43.
LaTeX Font Info:    Checking defaults for OMS/pzccm/m/n on input line 43.
LaTeX Font Info:    Try loading font information for OMS+pzccm on input line 43
.

(/usr/share/texmf/tex/latex/psnfss/omspzccm.fd
File: omspzccm.fd 2000/01/03 Fontinst v1.801 font definitions for OMS/pzccm.
)
LaTeX Font Info:    ... okay on input line 43.
LaTeX Font Info:    Checking defaults for OMX/cmex/m/n on input line 43.
LaTeX Font Info:    ... okay on input line 43.
LaTeX Font Info:    Checking defaults for U/cmr/m/n on input line 43.
LaTeX Font Info:    ... okay on input line 43.
LaTeX Font Info:    Checking defaults for PD1/pdf/m/n on input line 43.
LaTeX Font Info:    ... okay on input line 43.

(/usr/share/texmf/tex/latex/seminar/seminar.bug)
(/usr/share/texmf/tex/latex/seminar/seminar.bg2
seminar.bg2: various corrections for the Seminar document class added since sem
inar.bug (waiting Seminar 98)
(Version 1.7 of <May 22, 1998> (D.G.))
)
Package hyperref Info: Link coloring ON on input line 43.
 (/usr/share/texmf/tex/latex/hyperref/nameref.sty
Package: nameref 2001/01/27 v2.19 Cross-referencing by name of section
\c@section@level=\count126
)
LaTeX Info: Redefining \ref on input line 43.
LaTeX Info: Redefining \pageref on input line 43.
 (./latexIntro.out)
(./latexIntro.out)
\openout4 = `latexIntro.out'.

Package texpower Info: Package soul not loaded.
(texpower)             Command \hidetext disabled on input line 43.


Package texpower Warning: Package soul not loaded.
(texpower)                Command \highlighttext disabled on input line 43.

(/usr/share/texmf/tex/context/base/supp-pdf.tex
(/usr/share/texmf/tex/context/base/supp-mis.tex
loading : Context Support Macros / Missing
\protectiondepth=\count127
\scratchcounter=\count128
\scratchtoks=\toks28
\scratchdimen=\dimen123
\scratchskip=\skip69
\scratchmuskip=\muskip11
\scratchbox=\box34
\scratchread=\read3
\scratchwrite=\write6
\zeropoint=\dimen124
\minusone=\count129
\thousandpoint=\dimen125
\emptytoks=\toks29
\nextbox=\box35
\nextdepth=\dimen126
\everyline=\toks30
\!!counta=\count130
\!!countb=\count131
\recursecounter=\count132
)
loading : Context Support Macros / PDF
\nofMPsegments=\count133
\nofMParguments=\count134
\everyMPtoPDFconversion=\toks31
)
\openout3 = `latexIntro.tmp'.

 <tdlogo.pdf, id=11, 471.7625pt x 59.22125pt>
File: tdlogo.pdf Graphic file (type pdf)
 <use tdlogo.pdf>
LaTeX Font Info:    Font shape `T1/ptm/bx/n' in size <17.28> not available
(Font)              Font shape `T1/ptm/b/n' tried instead on input line 48.
LaTeX Font Info:    Font shape `T1/ptm/bx/n' in size <24.88> not available
(Font)              Font shape `T1/ptm/b/n' tried instead on input line 48.
LaTeX Font Info:    Try loading font information for OT1+ptmcm on input line 48
.

(/usr/share/texmf/tex/latex/psnfss/ot1ptmcm.fd
File: ot1ptmcm.fd 2000/01/03 Fontinst v1.801 font definitions for OT1/ptmcm.
)
LaTeX Font Info:    Try loading font information for OML+ptmcm on input line 48
.

(/usr/share/texmf/tex/latex/psnfss/omlptmcm.fd
File: omlptmcm.fd 2000/01/03 Fontinst v1.801 font definitions for OML/ptmcm.
)
LaTeX Font Info:    Try loading font information for OMX+psycm on input line 48
.

(/usr/share/texmf/tex/latex/psnfss/omxpsycm.fd
File: omxpsycm.fd 2000/01/03 Fontinst v1.801 font definitions for OMX/psycm.
)
LaTeX Font Info:    Font shape `OT1/ptm/bx/n' in size <24.88> not available
(Font)              Font shape `OT1/ptm/b/n' tried instead on input line 48.
LaTeX Font Info:    Font shape `OT1/ptm/bx/n' in size <17.28> not available
(Font)              Font shape `OT1/ptm/b/n' tried instead on input line 48.
LaTeX Font Info:    Font shape `OT1/ptm/bx/n' in size <14.4> not available
(Font)              Font shape `OT1/ptm/b/n' tried instead on input line 48.

Underfull \hbox (badness 10000) has occurred while \output is active
[]
 []

[1


{/usr/share/texmf/dvips/config/pdftex.map} <./tdlogo.pdf>]
\openout3 = `latexIntro.tmp'.

LaTeX Font Info:    Font shape `OT1/ptm/bx/n' in size <12> not available
(Font)              Font shape `OT1/ptm/b/n' tried instead on input line 55.
LaTeX Font Info:    Font shape `OT1/ptm/bx/n' in size <10> not available
(Font)              Font shape `OT1/ptm/b/n' tried instead on input line 55.
LaTeX Font Info:    Font shape `T1/ptm/bx/n' in size <12> not available
(Font)              Font shape `T1/ptm/b/n' tried instead on input line 55.
LaTeX Font Info:    Font shape `OMS/ptm/m/n' in size <10.95> not available
(Font)              Font shape `OMS/pzccm/m/n' tried instead on input line 58.
LaTeX Font Info:    Font shape `OT1/ptm/bx/n' in size <10.95> not available
(Font)              Font shape `OT1/ptm/b/n' tried instead on input line 60.
LaTeX Font Info:    Font shape `OT1/ptm/bx/n' in size <8> not available
(Font)              Font shape `OT1/ptm/b/n' tried instead on input line 60.
LaTeX Font Info:    Font shape `OT1/ptm/bx/n' in size <6> not available
(Font)              Font shape `OT1/ptm/b/n' tried instead on input line 60.

Underfull \hbox (badness 10000) has occurred while \output is active
[]
 []

! pdfTeX warning (ext4): destination with the same identifier (name{firstpage.1
}) has been already used, duplicate ignored
<to be read again> 
                   \penalty 
l.66 \end{slide}
                 [2

]
\openout3 = `latexIntro.tmp'.

LaTeX Font Info:    Font shape `T1/ptm/bx/n' in size <14.4> not available
(Font)              Font shape `T1/ptm/b/n' tried instead on input line 84.
LaTeX Font Info:    Font shape `T1/ptm/bx/n' in size <10.95> not available
(Font)              Font shape `T1/ptm/b/n' tried instead on input line 84.

Underfull \hbox (badness 10000) has occurred while \output is active
[]
 []

! pdfTeX warning (ext4): destination with the same identifier (name{firstpage.1
}) has been already used, duplicate ignored
<to be read again> 
                   \penalty 
l.91 \end{slide}
                 [3

]
\openout3 = `latexIntro.tmp'.


Underfull \hbox (badness 10000) has occurred while \output is active
[]
 []

! pdfTeX warning (ext4): destination with the same identifier (name{firstpage.1
}) has been already used, duplicate ignored
<to be read again> 
                   \penalty 
l.116 \end{slide}
                  [4

]
\openout3 = `latexIntro.tmp'.

File: demo.tex  (verbatim)

Underfull \hbox (badness 10000) has occurred while \output is active
[]
 []

! pdfTeX warning (ext4): destination with the same identifier (name{firstpage.1
}) has been already used, duplicate ignored
<to be read again> 
                   \penalty 
l.127 \codeinput{demo.tex}
                          ^^M [5

]
Underfull \hbox (badness 10000) has occurred while \output is active
[]
 []

! pdfTeX warning (ext4): destination with the same identifier (name{firstpage.1
}) has been already used, duplicate ignored
<to be read again> 
                   \penalty 
l.128 \end{slide}
                  [6]
\openout3 = `latexIntro.tmp'.


Underfull \hbox (badness 10000) has occurred while \output is active
[]
 []

! pdfTeX warning (ext4): destination with the same identifier (name{firstpage.1
}) has been already used, duplicate ignored
<to be read again> 
                   \penalty 
l.159 \end{slide}
                  [7

]
\openout3 = `latexIntro.tmp'.

File: demo.tex.hode  (verbatim)

Underfull \hbox (badness 10000) has occurred while \output is active
[]
 []

! pdfTeX warning (ext4): destination with the same identifier (name{firstpage.1
}) has been already used, duplicate ignored
<to be read again> 
                   \penalty 
l.181 \end{slide}
                  [8

]
\openout3 = `latexIntro.tmp'.

File: demo.tex.kropp  (verbatim)

Underfull \hbox (badness 10000) has occurred while \output is active
[]
 []

! pdfTeX warning (ext4): destination with the same identifier (name{firstpage.1
}) has been already used, duplicate ignored
<to be read again> 
                   \penalty 
l.208 \end{slide}
                  [9

]
\openout3 = `latexIntro.tmp'.

\openout5 = `demo1.tmp'.

 (./demo1.tmp
LaTeX Font Info:    Font shape `OT1/ptm/bx/n' in size <7.4> not available
(Font)              Font shape `OT1/ptm/b/n' tried instead on input line 1.
) (./demo1.tmp)
\openout5 = `demo1.tmp'.

 (./demo1.tmp) (./demo1.tmp)
Underfull \hbox (badness 10000) has occurred while \output is active
[]
 []

! pdfTeX warning (ext4): destination with the same identifier (name{firstpage.1
}) has been already used, duplicate ignored
<to be read again> 
                   \penalty 
l.244 \end{slide}
                  [10

]
\openout3 = `latexIntro.tmp'.

\openout5 = `demo1.tmp'.

 (./demo1.tmp) (./demo1.tmp)
Underfull \hbox (badness 10000) has occurred while \output is active
[]
 []

! pdfTeX warning (ext4): destination with the same identifier (name{firstpage.1
}) has been already used, duplicate ignored
<to be read again> 
                   \penalty 
l.269 \end{slide}
                  [11

]
\openout3 = `latexIntro.tmp'.


Underfull \hbox (badness 10000) has occurred while \output is active
[]
 []

! pdfTeX warning (ext4): destination with the same identifier (name{firstpage.1
}) has been already used, duplicate ignored
<to be read again> 
                   \penalty 
l.300 \end{slide}
                  [12

]
\openout3 = `latexIntro.tmp'.

\openout5 = `demo1.tmp'.

LaTeX Font Info:    Font shape `T1/ptm/bx/n' in size <10> not available
(Font)              Font shape `T1/ptm/b/n' tried instead on input line 312.
 (./demo1.tmp
LaTeX Font Info:    Font shape `OMS/ptm/m/n' in size <10> not available
(Font)              Font shape `OMS/pzccm/m/n' tried instead on input line 2.
) (./demo1.tmp)
\openout5 = `demo1.tmp'.

 (./demo1.tmp) (./demo1.tmp)
\openout5 = `demo1.tmp'.


(./demo1.tmp
LaTeX Font Info:    Font shape `T1/phv/m/n' will be
(Font)              scaled to size 8.99994pt on input line 2.
LaTeX Font Info:    Font shape `T1/phv/bx/n' in size <10> not available
(Font)              Font shape `T1/phv/b/n' tried instead on input line 2.
LaTeX Font Info:    Font shape `T1/phv/b/n' will be
(Font)              scaled to size 8.99994pt on input line 2.
) (./demo1.tmp)
Underfull \hbox (badness 10000) has occurred while \output is active
[]
 []

! pdfTeX warning (ext4): destination with the same identifier (name{firstpage.1
}) has been already used, duplicate ignored
<to be read again> 
                   \penalty 
l.330 \end{slide}
                  [13

]
\openout3 = `latexIntro.tmp'.

\openout5 = `demo1.tmp'.

 (./demo1.tmp) (./demo1.tmp)
Underfull \hbox (badness 10000) has occurred while \output is active
[]
 []

! pdfTeX warning (ext4): destination with the same identifier (name{firstpage.1
}) has been already used, duplicate ignored
<to be read again> 
                   \penalty 
l.352 \end{slide}
                  [14

]
\openout3 = `latexIntro.tmp'.

\openout5 = `demo1.tmp'.

 (./demo1.tmp) (./demo1.tmp)
Underfull \hbox (badness 10000) has occurred while \output is active
[]
 []

! pdfTeX warning (ext4): destination with the same identifier (name{firstpage.1
}) has been already used, duplicate ignored
<to be read again> 
                   \penalty 
l.374 \end{slide}
                  [15

]
\openout3 = `latexIntro.tmp'.

\openout5 = `demo1.tmp'.

 (./demo1.tmp) (./demo1.tmp)
Underfull \hbox (badness 10000) has occurred while \output is active
[]
 []

! pdfTeX warning (ext4): destination with the same identifier (name{firstpage.1
}) has been already used, duplicate ignored
<to be read again> 
                   \penalty 
l.397 \end{slide}
                  [16

]
\openout3 = `latexIntro.tmp'.

\openout5 = `demo1.tmp'.

 (./demo1.tmp) (./demo1.tmp)
Underfull \hbox (badness 10000) has occurred while \output is active
[]
 []

! pdfTeX warning (ext4): destination with the same identifier (name{firstpage.1
}) has been already used, duplicate ignored
<to be read again> 
                   \penalty 
l.423 \end{slide}
                  [17

]
\openout3 = `latexIntro.tmp'.

\openout5 = `demo1.tmp'.

 (./demo1.tmp) (./demo1.tmp)
Underfull \hbox (badness 10000) has occurred while \output is active
[]
 []

! pdfTeX warning (ext4): destination with the same identifier (name{firstpage.1
}) has been already used, duplicate ignored
<to be read again> 
                   \penalty 
l.451 \end{slide}
                  [18

]
\openout3 = `latexIntro.tmp'.

\openout5 = `demo1.tmp'.

 (./demo1.tmp
File: tdlogo.pdf Graphic file (type pdf)
 <use tdlogo.pdf>) (./demo1.tmp)
Underfull \hbox (badness 10000) has occurred while \output is active
[]
 []

! pdfTeX warning (ext4): destination with the same identifier (name{firstpage.1
}) has been already used, duplicate ignored
<to be read again> 
                   \penalty 
l.480 \end{slide}
                  [19

]
\openout3 = `latexIntro.tmp'.

\openout5 = `demo1.tmp'.

 (./demo1.tmp) (./demo1.tmp)
Underfull \hbox (badness 10000) has occurred while \output is active
[]
 []

! pdfTeX warning (ext4): destination with the same identifier (name{firstpage.1
}) has been already used, duplicate ignored
<to be read again> 
                   \penalty 
l.507 \end{slide}
                  [20

]
\openout3 = `latexIntro.tmp'.

LaTeX Font Info:    Font shape `T1/phv/m/n' will be
(Font)              scaled to size 9.85492pt on input line 531.
LaTeX Font Info:    Font shape `T1/phv/bx/n' in size <10.95> not available
(Font)              Font shape `T1/phv/b/n' tried instead on input line 531.
LaTeX Font Info:    Font shape `T1/phv/b/n' will be
(Font)              scaled to size 9.85492pt on input line 531.

Underfull \hbox (badness 10000) has occurred while \output is active
[]
 []

! pdfTeX warning (ext4): destination with the same identifier (name{firstpage.1
}) has been already used, duplicate ignored
<to be read again> 
                   \penalty 
l.537 \end{slide}
                  [21

] (./latexIntro.aux) ) 
Here is how much of TeX's memory you used:
 5572 strings out of 95453
 73513 string characters out of 1190491
 140653 words of memory out of 1000001
 8340 multiletter control sequences out of 10000+50000
 99464 words of font info for 142 fonts, out of 500000 for 1000
 14 hyphenation exceptions out of 1000
 40i,18n,36p,293b,801s stack positions out of 1500i,500n,5000p,200000b,5000s
 164 PDF objects out of 300000
 49 named destinations out of 131072
 28 words of extra memory for PDF output out of 65536
{/usr/share/texmf/dvips/tetex/f7b6d320.enc}</usr/share/te
xmf/fonts/type1/bluesky/cm/cmr10.pfb>{/usr/share/texmf/dvips/tetex/aae443f0.enc
}</usr/share/texmf/fonts/type1/bluesky/cm/cmmi10.pfb></usr/share/texmf/fonts/ty
pe1/bluesky/cm/cmex10.pfb>{/usr/share/texmf/dvips/psnfss/8r.enc}</usr/share/tex
mf/fonts/type1/urw/courier/ucrr8a.pfb>{/usr/share/texmf/dvips/tetex/bbad153f.en
c}</usr/share/texmf/fonts/type1/bluesky/cm/cmsy10.pfb>
Output written on latexIntro.pdf (21 pages, 84380 bytes).
